::1 - - [24/Nov/2015:09:03:01 +0000] "GET / HTTP/1.1" 304 - "-" "Mozilla/5.0 (Windows NT 6.3; WOW64) AppleWebKit/537.36 (KHTML, like Gecko) Chrome/46.0.2490.86 Safari/537.36"
::1 - - [24/Nov/2015:09:03:01 +0000] "GET /css/main.css HTTP/1.1" 304 - "http://localhost/" "Mozilla/5.0 (Windows NT 6.3; WOW64) AppleWebKit/537.36 (KHTML, like Gecko) Chrome/46.0.2490.86 Safari/537.36"
::1 - - [24/Nov/2015:09:03:03 +0000] "GET / HTTP/1.1" 304 - "-" "Mozilla/5.0 (Windows NT 6.3; WOW64) AppleWebKit/537.36 (KHTML, like Gecko) Chrome/46.0.2490.86 Safari/537.36"
::1 - - [24/Nov/2015:09:03:03 +0000] "GET /css/main.css HTTP/1.1" 304 - "http://localhost/" "Mozilla/5.0 (Windows NT 6.3; WOW64) AppleWebKit/537.36 (KHTML, like Gecko) Chrome/46.0.2490.86 Safari/537.36"
::1 - - [24/Nov/2015:11:07:04 +0000] "GET /api/restaurants/ HTTP/1.1" 200 472 "-" "Mozilla/5.0 (Windows NT 6.3; WOW64) AppleWebKit/537.36 (KHTML, like Gecko) Chrome/46.0.2490.86 Safari/537.36"
::1 - - [24/Nov/2015:11:08:55 +0000] "GET /api/restaurants/56543fbe73c747de8aba2a94 HTTP/1.1" 200 234 "-" "Mozilla/5.0 (Windows NT 6.3; WOW64) AppleWebKit/537.36 (KHTML, like Gecko) Chrome/46.0.2490.86 Safari/537.36"
::1 - - [24/Nov/2015:11:09:27 +0000] "GET /api/restaurants/56543fbe73c747de8aba2a94 HTTP/1.1" 304 - "-" "Mozilla/5.0 (Windows NT 6.3; WOW64) AppleWebKit/537.36 (KHTML, like Gecko) Chrome/46.0.2490.86 Safari/537.36"
::1 - - [24/Nov/2015:11:09:33 +0000] "GET /api/restaurants/5654408e73c747de8aba2a95 HTTP/1.1" 200 235 "-" "Mozilla/5.0 (Windows NT 6.3; WOW64) AppleWebKit/537.36 (KHTML, like Gecko) Chrome/46.0.2490.86 Safari/537.36"
::1 - - [24/Nov/2015:12:46:51 +0000] "GET /api/restaurants/ HTTP/1.1" 200 37 "-" "Mozilla/5.0 (Windows NT 6.3; WOW64) AppleWebKit/537.36 (KHTML, like Gecko) Chrome/46.0.2490.86 Safari/537.36"
::1 - - [24/Nov/2015:13:00:05 +0000] "GET / HTTP/1.1" 304 - "-" "Mozilla/5.0 (Windows NT 6.3; WOW64) AppleWebKit/537.36 (KHTML, like Gecko) Chrome/46.0.2490.86 Safari/537.36"
::1 - - [24/Nov/2015:13:00:05 +0000] "GET /css/main.css HTTP/1.1" 304 - "http://localhost/" "Mozilla/5.0 (Windows NT 6.3; WOW64) AppleWebKit/537.36 (KHTML, like Gecko) Chrome/46.0.2490.86 Safari/537.36"
::1 - - [24/Nov/2015:13:24:04 +0000] "GET /api/restaurants/ HTTP/1.1" 304 - "-" "Mozilla/5.0 (Windows NT 6.3; WOW64) AppleWebKit/537.36 (KHTML, like Gecko) Chrome/46.0.2490.86 Safari/537.36"
::1 - - [24/Nov/2015:13:24:48 +0000] "GET /api/restaurants/ HTTP/1.1" 500 2162 "-" "Mozilla/5.0 (Windows NT 6.3; WOW64) AppleWebKit/537.36 (KHTML, like Gecko) Chrome/46.0.2490.86 Safari/537.36"
::1 - - [24/Nov/2015:13:26:52 +0000] "GET /api/restaurants/ HTTP/1.1" 500 2172 "-" "Mozilla/5.0 (Windows NT 6.3; WOW64) AppleWebKit/537.36 (KHTML, like Gecko) Chrome/46.0.2490.86 Safari/537.36"
::1 - - [24/Nov/2015:13:27:39 +0000] "GET /api/restaurants/ HTTP/1.1" 200 37 "-" "Mozilla/5.0 (Windows NT 6.3; WOW64) AppleWebKit/537.36 (KHTML, like Gecko) Chrome/46.0.2490.86 Safari/537.36"
::1 - - [24/Nov/2015:13:29:33 +0000] "GET /api/restaurants/ HTTP/1.1" 304 - "-" "Mozilla/5.0 (Windows NT 6.3; WOW64) AppleWebKit/537.36 (KHTML, like Gecko) Chrome/46.0.2490.86 Safari/537.36"
::1 - - [24/Nov/2015:13:29:34 +0000] "GET /api/restaurants/ HTTP/1.1" 304 - "-" "Mozilla/5.0 (Windows NT 6.3; WOW64) AppleWebKit/537.36 (KHTML, like Gecko) Chrome/46.0.2490.86 Safari/537.36"
::1 - - [24/Nov/2015:13:29:34 +0000] "GET /api/restaurants/ HTTP/1.1" 304 - "-" "Mozilla/5.0 (Windows NT 6.3; WOW64) AppleWebKit/537.36 (KHTML, like Gecko) Chrome/46.0.2490.86 Safari/537.36"
::1 - - [24/Nov/2015:13:31:06 +0000] "GET /api/restaurants/ HTTP/1.1" 304 - "-" "Mozilla/5.0 (Windows NT 6.3; WOW64) AppleWebKit/537.36 (KHTML, like Gecko) Chrome/46.0.2490.86 Safari/537.36"
::1 - - [24/Nov/2015:13:31:08 +0000] "GET /api/restaurants/ HTTP/1.1" 304 - "-" "Mozilla/5.0 (Windows NT 6.3; WOW64) AppleWebKit/537.36 (KHTML, like Gecko) Chrome/46.0.2490.86 Safari/537.36"
::1 - - [24/Nov/2015:13:31:09 +0000] "GET /api/restaurants/ HTTP/1.1" 304 - "-" "Mozilla/5.0 (Windows NT 6.3; WOW64) AppleWebKit/537.36 (KHTML, like Gecko) Chrome/46.0.2490.86 Safari/537.36"
::1 - - [24/Nov/2015:13:31:09 +0000] "GET /api/restaurants/ HTTP/1.1" 304 - "-" "Mozilla/5.0 (Windows NT 6.3; WOW64) AppleWebKit/537.36 (KHTML, like Gecko) Chrome/46.0.2490.86 Safari/537.36"
::1 - - [24/Nov/2015:13:31:09 +0000] "GET /api/restaurants/ HTTP/1.1" 304 - "-" "Mozilla/5.0 (Windows NT 6.3; WOW64) AppleWebKit/537.36 (KHTML, like Gecko) Chrome/46.0.2490.86 Safari/537.36"
::1 - - [24/Nov/2015:13:32:39 +0000] "GET /api/restaurants/ HTTP/1.1" 304 - "-" "Mozilla/5.0 (Windows NT 6.3; WOW64) AppleWebKit/537.36 (KHTML, like Gecko) Chrome/46.0.2490.86 Safari/537.36"
::1 - - [24/Nov/2015:13:34:55 +0000] "GET /api/restaurants/ HTTP/1.1" 304 - "-" "Mozilla/5.0 (Windows NT 6.3; WOW64) AppleWebKit/537.36 (KHTML, like Gecko) Chrome/46.0.2490.86 Safari/537.36"
::1 - - [24/Nov/2015:13:36:01 +0000] "GET /api/restaurants/ HTTP/1.1" 304 - "-" "Mozilla/5.0 (Windows NT 6.3; WOW64) AppleWebKit/537.36 (KHTML, like Gecko) Chrome/46.0.2490.86 Safari/537.36"
::1 - - [24/Nov/2015:13:36:15 +0000] "GET /api/restaurants/ HTTP/1.1" 304 - "-" "Mozilla/5.0 (Windows NT 6.3; WOW64) AppleWebKit/537.36 (KHTML, like Gecko) Chrome/46.0.2490.86 Safari/537.36"
::1 - - [24/Nov/2015:13:36:39 +0000] "GET /api/restaurants/ HTTP/1.1" 200 554 "-" "Mozilla/5.0 (Windows NT 6.3; WOW64) AppleWebKit/537.36 (KHTML, like Gecko) Chrome/46.0.2490.86 Safari/537.36"
::1 - - [24/Nov/2015:13:57:20 +0000] "GET /api/restaurants/ HTTP/1.1" 200 554 "-" "Mozilla/5.0 (Windows NT 6.3; WOW64) AppleWebKit/537.36 (KHTML, like Gecko) Chrome/46.0.2490.86 Safari/537.36"
::1 - - [24/Nov/2015:13:57:25 +0000] "GET /api/restaurants/ HTTP/1.1" 200 554 "-" "Mozilla/5.0 (Windows NT 6.3; WOW64) AppleWebKit/537.36 (KHTML, like Gecko) Chrome/46.0.2490.86 Safari/537.36"
::1 - - [24/Nov/2015:13:57:25 +0000] "GET /api/restaurants/ HTTP/1.1" 200 554 "-" "Mozilla/5.0 (Windows NT 6.3; WOW64) AppleWebKit/537.36 (KHTML, like Gecko) Chrome/46.0.2490.86 Safari/537.36"
::1 - - [24/Nov/2015:13:57:25 +0000] "GET /api/restaurants/ HTTP/1.1" 200 554 "-" "Mozilla/5.0 (Windows NT 6.3; WOW64) AppleWebKit/537.36 (KHTML, like Gecko) Chrome/46.0.2490.86 Safari/537.36"
::1 - - [24/Nov/2015:13:57:25 +0000] "GET /api/restaurants/ HTTP/1.1" 200 554 "-" "Mozilla/5.0 (Windows NT 6.3; WOW64) AppleWebKit/537.36 (KHTML, like Gecko) Chrome/46.0.2490.86 Safari/537.36"
::1 - - [24/Nov/2015:14:04:53 +0000] "GET /api/restaurants/ HTTP/1.1" 200 554 "-" "Mozilla/5.0 (Windows NT 6.3; WOW64) AppleWebKit/537.36 (KHTML, like Gecko) Chrome/46.0.2490.86 Safari/537.36"
::1 - - [24/Nov/2015:14:05:33 +0000] "GET /api/restaurants/ HTTP/1.1" 200 554 "-" "Mozilla/5.0 (Windows NT 6.3; WOW64) AppleWebKit/537.36 (KHTML, like Gecko) Chrome/46.0.2490.86 Safari/537.36"
::1 - - [24/Nov/2015:14:05:35 +0000] "GET /api/restaurants/ HTTP/1.1" 200 554 "-" "Mozilla/5.0 (Windows NT 6.3; WOW64) AppleWebKit/537.36 (KHTML, like Gecko) Chrome/46.0.2490.86 Safari/537.36"
::1 - - [24/Nov/2015:14:05:43 +0000] "GET /api/restaurants/ HTTP/1.1" 200 554 "-" "Mozilla/5.0 (Windows NT 6.3; WOW64) AppleWebKit/537.36 (KHTML, like Gecko) Chrome/46.0.2490.86 Safari/537.36"
::1 - - [24/Nov/2015:14:07:50 +0000] "GET /api/restaurants/ HTTP/1.1" 500 2105 "-" "Mozilla/5.0 (Windows NT 6.3; WOW64) AppleWebKit/537.36 (KHTML, like Gecko) Chrome/46.0.2490.86 Safari/537.36"
::1 - - [24/Nov/2015:14:36:10 +0000] "GET /api/restaurants/ HTTP/1.1" 200 550 "-" "Mozilla/5.0 (Windows NT 6.3; WOW64) AppleWebKit/537.36 (KHTML, like Gecko) Chrome/46.0.2490.86 Safari/537.36"
::1 - - [24/Nov/2015:14:41:08 +0000] "GET /api/restaurants/5654408e73c747de8aba2a95 HTTP/1.1" 404 53 "-" "Mozilla/5.0 (Windows NT 6.3; WOW64) AppleWebKit/537.36 (KHTML, like Gecko) Chrome/46.0.2490.86 Safari/537.36"
::1 - - [24/Nov/2015:14:41:16 +0000] "GET /api/restaurants/5654408e73c747de8aba2a95 HTTP/1.1" 404 53 "-" "Mozilla/5.0 (Windows NT 6.3; WOW64) AppleWebKit/537.36 (KHTML, like Gecko) Chrome/46.0.2490.86 Safari/537.36"
::1 - - [24/Nov/2015:14:41:17 +0000] "GET /api/restaurants/5654408e73c747de8aba2a95 HTTP/1.1" 404 53 "-" "Mozilla/5.0 (Windows NT 6.3; WOW64) AppleWebKit/537.36 (KHTML, like Gecko) Chrome/46.0.2490.86 Safari/537.36"
::1 - - [24/Nov/2015:14:41:17 +0000] "GET /api/restaurants/5654408e73c747de8aba2a95 HTTP/1.1" 404 53 "-" "Mozilla/5.0 (Windows NT 6.3; WOW64) AppleWebKit/537.36 (KHTML, like Gecko) Chrome/46.0.2490.86 Safari/537.36"
::1 - - [24/Nov/2015:14:41:18 +0000] "GET /api/restaurants/5654408e73c747de8aba2a95 HTTP/1.1" 404 53 "-" "Mozilla/5.0 (Windows NT 6.3; WOW64) AppleWebKit/537.36 (KHTML, like Gecko) Chrome/46.0.2490.86 Safari/537.36"
::1 - - [24/Nov/2015:14:41:41 +0000] "GET /api/restaurants/5654408e73c747de8aba2a95 HTTP/1.1" 404 53 "-" "Mozilla/5.0 (Windows NT 6.3; WOW64) AppleWebKit/537.36 (KHTML, like Gecko) Chrome/46.0.2490.86 Safari/537.36"
::1 - - [24/Nov/2015:14:41:42 +0000] "GET /api/restaurants/5654408e73c747de8aba2a95 HTTP/1.1" 404 53 "-" "Mozilla/5.0 (Windows NT 6.3; WOW64) AppleWebKit/537.36 (KHTML, like Gecko) Chrome/46.0.2490.86 Safari/537.36"
::1 - - [24/Nov/2015:14:41:42 +0000] "GET /api/restaurants/5654408e73c747de8aba2a95 HTTP/1.1" 404 53 "-" "Mozilla/5.0 (Windows NT 6.3; WOW64) AppleWebKit/537.36 (KHTML, like Gecko) Chrome/46.0.2490.86 Safari/537.36"
::1 - - [24/Nov/2015:14:41:43 +0000] "GET /api/restaurants/5654408e73c747de8aba2a95 HTTP/1.1" 404 53 "-" "Mozilla/5.0 (Windows NT 6.3; WOW64) AppleWebKit/537.36 (KHTML, like Gecko) Chrome/46.0.2490.86 Safari/537.36"
::1 - - [24/Nov/2015:14:41:43 +0000] "GET /api/restaurants/5654408e73c747de8aba2a95 HTTP/1.1" 404 53 "-" "Mozilla/5.0 (Windows NT 6.3; WOW64) AppleWebKit/537.36 (KHTML, like Gecko) Chrome/46.0.2490.86 Safari/537.36"
::1 - - [24/Nov/2015:14:41:43 +0000] "GET /api/restaurants/5654408e73c747de8aba2a95 HTTP/1.1" 404 53 "-" "Mozilla/5.0 (Windows NT 6.3; WOW64) AppleWebKit/537.36 (KHTML, like Gecko) Chrome/46.0.2490.86 Safari/537.36"
::1 - - [24/Nov/2015:14:41:48 +0000] "GET /api/restaurants/ HTTP/1.1" 200 550 "-" "Mozilla/5.0 (Windows NT 6.3; WOW64) AppleWebKit/537.36 (KHTML, like Gecko) Chrome/46.0.2490.86 Safari/537.36"
::1 - - [24/Nov/2015:14:41:57 +0000] "GET /api/restaurants/56543fbe73c747de8aba2a94 HTTP/1.1" 404 53 "-" "Mozilla/5.0 (Windows NT 6.3; WOW64) AppleWebKit/537.36 (KHTML, like Gecko) Chrome/46.0.2490.86 Safari/537.36"
::1 - - [24/Nov/2015:14:41:59 +0000] "GET /api/restaurants/56543fbe73c747de8aba2a94 HTTP/1.1" 404 53 "-" "Mozilla/5.0 (Windows NT 6.3; WOW64) AppleWebKit/537.36 (KHTML, like Gecko) Chrome/46.0.2490.86 Safari/537.36"
::1 - - [24/Nov/2015:14:47:22 +0000] "GET /api/restaurants/56543fbe73c747de8aba2a94 HTTP/1.1" 500 2120 "-" "Mozilla/5.0 (Windows NT 6.3; WOW64) AppleWebKit/537.36 (KHTML, like Gecko) Chrome/46.0.2490.86 Safari/537.36"
::1 - - [24/Nov/2015:14:47:53 +0000] "GET /api/restaurants/56543fbe73c747de8aba2a94 HTTP/1.1" 200 273 "-" "Mozilla/5.0 (Windows NT 6.3; WOW64) AppleWebKit/537.36 (KHTML, like Gecko) Chrome/46.0.2490.86 Safari/537.36"
::1 - - [24/Nov/2015:15:03:32 +0000] "GET /api/restaurants/56543fbe73c747de8aba2a94 HTTP/1.1" 200 273 "-" "Mozilla/5.0 (Windows NT 6.3; WOW64) AppleWebKit/537.36 (KHTML, like Gecko) Chrome/46.0.2490.86 Safari/537.36"
::1 - - [24/Nov/2015:15:03:41 +0000] "GET /api/restaurants/name/Gilles HTTP/1.1" 500 2133 "-" "Mozilla/5.0 (Windows NT 6.3; WOW64) AppleWebKit/537.36 (KHTML, like Gecko) Chrome/46.0.2490.86 Safari/537.36"
::1 - - [24/Nov/2015:15:03:56 +0000] "GET /api/restaurants/name/Gilles HTTP/1.1" 200 2 "-" "Mozilla/5.0 (Windows NT 6.3; WOW64) AppleWebKit/537.36 (KHTML, like Gecko) Chrome/46.0.2490.86 Safari/537.36"
::1 - - [24/Nov/2015:15:03:57 +0000] "GET /api/restaurants/name/Gilles HTTP/1.1" 200 2 "-" "Mozilla/5.0 (Windows NT 6.3; WOW64) AppleWebKit/537.36 (KHTML, like Gecko) Chrome/46.0.2490.86 Safari/537.36"
::1 - - [24/Nov/2015:15:04:00 +0000] "GET /api/restaurants/name/Gilles HTTP/1.1" 200 2 "-" "Mozilla/5.0 (Windows NT 6.3; WOW64) AppleWebKit/537.36 (KHTML, like Gecko) Chrome/46.0.2490.86 Safari/537.36"
::1 - - [24/Nov/2015:15:04:00 +0000] "GET /api/restaurants/name/Gilles HTTP/1.1" 200 2 "-" "Mozilla/5.0 (Windows NT 6.3; WOW64) AppleWebKit/537.36 (KHTML, like Gecko) Chrome/46.0.2490.86 Safari/537.36"
::1 - - [24/Nov/2015:15:04:00 +0000] "GET /api/restaurants/name/Gilles HTTP/1.1" 200 2 "-" "Mozilla/5.0 (Windows NT 6.3; WOW64) AppleWebKit/537.36 (KHTML, like Gecko) Chrome/46.0.2490.86 Safari/537.36"
::1 - - [24/Nov/2015:15:04:01 +0000] "GET /api/restaurants/name/Gilles HTTP/1.1" 200 2 "-" "Mozilla/5.0 (Windows NT 6.3; WOW64) AppleWebKit/537.36 (KHTML, like Gecko) Chrome/46.0.2490.86 Safari/537.36"
::1 - - [24/Nov/2015:15:04:42 +0000] "GET /api/restaurants/name/Gilles HTTP/1.1" 200 2 "-" "Mozilla/5.0 (Windows NT 6.3; WOW64) AppleWebKit/537.36 (KHTML, like Gecko) Chrome/46.0.2490.86 Safari/537.36"
::1 - - [24/Nov/2015:15:04:42 +0000] "GET /api/restaurants/name/Gilles HTTP/1.1" 200 2 "-" "Mozilla/5.0 (Windows NT 6.3; WOW64) AppleWebKit/537.36 (KHTML, like Gecko) Chrome/46.0.2490.86 Safari/537.36"
::1 - - [24/Nov/2015:15:04:43 +0000] "GET /api/restaurants/name/Gilles HTTP/1.1" 200 2 "-" "Mozilla/5.0 (Windows NT 6.3; WOW64) AppleWebKit/537.36 (KHTML, like Gecko) Chrome/46.0.2490.86 Safari/537.36"
::1 - - [24/Nov/2015:15:04:43 +0000] "GET /api/restaurants/name/Gilles HTTP/1.1" 200 2 "-" "Mozilla/5.0 (Windows NT 6.3; WOW64) AppleWebKit/537.36 (KHTML, like Gecko) Chrome/46.0.2490.86 Safari/537.36"
::1 - - [24/Nov/2015:15:04:43 +0000] "GET /api/restaurants/name/Gilles HTTP/1.1" 200 2 "-" "Mozilla/5.0 (Windows NT 6.3; WOW64) AppleWebKit/537.36 (KHTML, like Gecko) Chrome/46.0.2490.86 Safari/537.36"
::1 - - [24/Nov/2015:15:04:43 +0000] "GET /api/restaurants/name/Gilles HTTP/1.1" 200 2 "-" "Mozilla/5.0 (Windows NT 6.3; WOW64) AppleWebKit/537.36 (KHTML, like Gecko) Chrome/46.0.2490.86 Safari/537.36"
::1 - - [24/Nov/2015:15:04:57 +0000] "GET /api/restaurants/name/Gilles HTTP/1.1" 200 2 "-" "Mozilla/5.0 (Windows NT 6.3; WOW64) AppleWebKit/537.36 (KHTML, like Gecko) Chrome/46.0.2490.86 Safari/537.36"
::1 - - [24/Nov/2015:15:04:57 +0000] "GET /api/restaurants/name/Gilles HTTP/1.1" 200 2 "-" "Mozilla/5.0 (Windows NT 6.3; WOW64) AppleWebKit/537.36 (KHTML, like Gecko) Chrome/46.0.2490.86 Safari/537.36"
::1 - - [24/Nov/2015:15:05:55 +0000] "GET /api/restaurants/name/Gilles HTTP/1.1" 200 2 "-" "Mozilla/5.0 (Windows NT 6.3; WOW64) AppleWebKit/537.36 (KHTML, like Gecko) Chrome/46.0.2490.86 Safari/537.36"
::1 - - [24/Nov/2015:15:06:18 +0000] "GET /api/restaurants/name/Gilles HTTP/1.1" 200 2 "-" "Mozilla/5.0 (Windows NT 6.3; WOW64) AppleWebKit/537.36 (KHTML, like Gecko) Chrome/46.0.2490.86 Safari/537.36"
::1 - - [24/Nov/2015:15:06:49 +0000] "GET /api/restaurants/name/Gilles HTTP/1.1" 200 2 "-" "Mozilla/5.0 (Windows NT 6.3; WOW64) AppleWebKit/537.36 (KHTML, like Gecko) Chrome/46.0.2490.86 Safari/537.36"
::1 - - [24/Nov/2015:15:07:15 +0000] "GET /api/restaurants/name/Gilles HTTP/1.1" 200 2 "-" "Mozilla/5.0 (Windows NT 6.3; WOW64) AppleWebKit/537.36 (KHTML, like Gecko) Chrome/46.0.2490.86 Safari/537.36"
::1 - - [24/Nov/2015:15:07:50 +0000] "GET /api/restaurants/name/Gilles HTTP/1.1" 200 2 "-" "Mozilla/5.0 (Windows NT 6.3; WOW64) AppleWebKit/537.36 (KHTML, like Gecko) Chrome/46.0.2490.86 Safari/537.36"
::1 - - [24/Nov/2015:15:07:51 +0000] "GET /api/restaurants/name/Gilles HTTP/1.1" 200 2 "-" "Mozilla/5.0 (Windows NT 6.3; WOW64) AppleWebKit/537.36 (KHTML, like Gecko) Chrome/46.0.2490.86 Safari/537.36"
::1 - - [24/Nov/2015:15:07:51 +0000] "GET /api/restaurants/name/Gilles HTTP/1.1" 200 2 "-" "Mozilla/5.0 (Windows NT 6.3; WOW64) AppleWebKit/537.36 (KHTML, like Gecko) Chrome/46.0.2490.86 Safari/537.36"
::1 - - [24/Nov/2015:15:07:51 +0000] "GET /api/restaurants/name/Gilles HTTP/1.1" 200 2 "-" "Mozilla/5.0 (Windows NT 6.3; WOW64) AppleWebKit/537.36 (KHTML, like Gecko) Chrome/46.0.2490.86 Safari/537.36"
::1 - - [24/Nov/2015:15:07:55 +0000] "GET /api/restaurants/ HTTP/1.1" 200 550 "-" "Mozilla/5.0 (Windows NT 6.3; WOW64) AppleWebKit/537.36 (KHTML, like Gecko) Chrome/46.0.2490.86 Safari/537.36"
::1 - - [24/Nov/2015:15:08:06 +0000] "GET /api/restaurants/name/Chez HTTP/1.1" 200 2 "-" "Mozilla/5.0 (Windows NT 6.3; WOW64) AppleWebKit/537.36 (KHTML, like Gecko) Chrome/46.0.2490.86 Safari/537.36"
::1 - - [24/Nov/2015:15:08:27 +0000] "GET /api/restaurants/name/Chez HTTP/1.1" 200 2 "-" "Mozilla/5.0 (Windows NT 6.3; WOW64) AppleWebKit/537.36 (KHTML, like Gecko) Chrome/46.0.2490.86 Safari/537.36"
::1 - - [24/Nov/2015:15:08:28 +0000] "GET /api/restaurants/name/Chez HTTP/1.1" 200 2 "-" "Mozilla/5.0 (Windows NT 6.3; WOW64) AppleWebKit/537.36 (KHTML, like Gecko) Chrome/46.0.2490.86 Safari/537.36"
::1 - - [24/Nov/2015:15:08:28 +0000] "GET /api/restaurants/name/Chez HTTP/1.1" 200 2 "-" "Mozilla/5.0 (Windows NT 6.3; WOW64) AppleWebKit/537.36 (KHTML, like Gecko) Chrome/46.0.2490.86 Safari/537.36"
::1 - - [24/Nov/2015:15:09:33 +0000] "GET /api/restaurants/name/Chez HTTP/1.1" 500 2114 "-" "Mozilla/5.0 (Windows NT 6.3; WOW64) AppleWebKit/537.36 (KHTML, like Gecko) Chrome/46.0.2490.86 Safari/537.36"
::1 - - [24/Nov/2015:15:09:43 +0000] "GET /api/restaurants/name/Chez HTTP/1.1" 200 4 "-" "Mozilla/5.0 (Windows NT 6.3; WOW64) AppleWebKit/537.36 (KHTML, like Gecko) Chrome/46.0.2490.86 Safari/537.36"
::1 - - [24/Nov/2015:15:09:44 +0000] "GET /api/restaurants/name/Chez HTTP/1.1" 200 4 "-" "Mozilla/5.0 (Windows NT 6.3; WOW64) AppleWebKit/537.36 (KHTML, like Gecko) Chrome/46.0.2490.86 Safari/537.36"
::1 - - [24/Nov/2015:15:09:44 +0000] "GET /api/restaurants/name/Chez HTTP/1.1" 200 4 "-" "Mozilla/5.0 (Windows NT 6.3; WOW64) AppleWebKit/537.36 (KHTML, like Gecko) Chrome/46.0.2490.86 Safari/537.36"
::1 - - [24/Nov/2015:15:09:53 +0000] "GET /api/restaurants/name/Chez HTTP/1.1" 200 4 "-" "Mozilla/5.0 (Windows NT 6.3; WOW64) AppleWebKit/537.36 (KHTML, like Gecko) Chrome/46.0.2490.86 Safari/537.36"
::1 - - [24/Nov/2015:15:09:53 +0000] "GET /api/restaurants/name/Chez HTTP/1.1" 200 4 "-" "Mozilla/5.0 (Windows NT 6.3; WOW64) AppleWebKit/537.36 (KHTML, like Gecko) Chrome/46.0.2490.86 Safari/537.36"
::1 - - [24/Nov/2015:15:09:53 +0000] "GET /api/restaurants/name/Chez HTTP/1.1" 200 4 "-" "Mozilla/5.0 (Windows NT 6.3; WOW64) AppleWebKit/537.36 (KHTML, like Gecko) Chrome/46.0.2490.86 Safari/537.36"
::1 - - [24/Nov/2015:15:10:05 +0000] "GET /api/restaurants/name/Chez HTTP/1.1" 200 4 "-" "Mozilla/5.0 (Windows NT 6.3; WOW64) AppleWebKit/537.36 (KHTML, like Gecko) Chrome/46.0.2490.86 Safari/537.36"
::1 - - [24/Nov/2015:15:10:06 +0000] "GET /api/restaurants/name/Chez HTTP/1.1" 200 4 "-" "Mozilla/5.0 (Windows NT 6.3; WOW64) AppleWebKit/537.36 (KHTML, like Gecko) Chrome/46.0.2490.86 Safari/537.36"
::1 - - [24/Nov/2015:15:10:06 +0000] "GET /api/restaurants/name/Chez HTTP/1.1" 200 4 "-" "Mozilla/5.0 (Windows NT 6.3; WOW64) AppleWebKit/537.36 (KHTML, like Gecko) Chrome/46.0.2490.86 Safari/537.36"
::1 - - [24/Nov/2015:15:10:21 +0000] "GET /api/restaurants/name/Chez HTTP/1.1" 200 4 "-" "Mozilla/5.0 (Windows NT 6.3; WOW64) AppleWebKit/537.36 (KHTML, like Gecko) Chrome/46.0.2490.86 Safari/537.36"
::1 - - [24/Nov/2015:15:10:21 +0000] "GET /api/restaurants/name/Chez HTTP/1.1" 200 4 "-" "Mozilla/5.0 (Windows NT 6.3; WOW64) AppleWebKit/537.36 (KHTML, like Gecko) Chrome/46.0.2490.86 Safari/537.36"
::1 - - [24/Nov/2015:15:10:21 +0000] "GET /api/restaurants/name/Chez HTTP/1.1" 200 4 "-" "Mozilla/5.0 (Windows NT 6.3; WOW64) AppleWebKit/537.36 (KHTML, like Gecko) Chrome/46.0.2490.86 Safari/537.36"
::1 - - [24/Nov/2015:15:10:22 +0000] "GET /api/restaurants/name/Chez HTTP/1.1" 200 4 "-" "Mozilla/5.0 (Windows NT 6.3; WOW64) AppleWebKit/537.36 (KHTML, like Gecko) Chrome/46.0.2490.86 Safari/537.36"
::1 - - [24/Nov/2015:15:10:22 +0000] "GET /api/restaurants/name/Chez HTTP/1.1" 200 4 "-" "Mozilla/5.0 (Windows NT 6.3; WOW64) AppleWebKit/537.36 (KHTML, like Gecko) Chrome/46.0.2490.86 Safari/537.36"
::1 - - [24/Nov/2015:15:10:41 +0000] "GET /api/restaurants/ HTTP/1.1" 200 550 "-" "Mozilla/5.0 (Windows NT 6.3; WOW64) AppleWebKit/537.36 (KHTML, like Gecko) Chrome/46.0.2490.86 Safari/537.36"
::1 - - [24/Nov/2015:15:10:52 +0000] "GET /api/restaurants/phone/0032865698741 HTTP/1.1" 200 4 "-" "Mozilla/5.0 (Windows NT 6.3; WOW64) AppleWebKit/537.36 (KHTML, like Gecko) Chrome/46.0.2490.86 Safari/537.36"
::1 - - [24/Nov/2015:15:11:07 +0000] "GET /api/restaurants/phone/0032865698741 HTTP/1.1" 200 4 "-" "Mozilla/5.0 (Windows NT 6.3; WOW64) AppleWebKit/537.36 (KHTML, like Gecko) Chrome/46.0.2490.86 Safari/537.36"
::1 - - [24/Nov/2015:15:11:07 +0000] "GET /api/restaurants/phone/0032865698741 HTTP/1.1" 200 4 "-" "Mozilla/5.0 (Windows NT 6.3; WOW64) AppleWebKit/537.36 (KHTML, like Gecko) Chrome/46.0.2490.86 Safari/537.36"
::1 - - [24/Nov/2015:15:11:08 +0000] "GET /api/restaurants/phone/0032865698741 HTTP/1.1" 200 4 "-" "Mozilla/5.0 (Windows NT 6.3; WOW64) AppleWebKit/537.36 (KHTML, like Gecko) Chrome/46.0.2490.86 Safari/537.36"
::1 - - [24/Nov/2015:15:11:08 +0000] "GET /api/restaurants/phone/0032865698741 HTTP/1.1" 200 4 "-" "Mozilla/5.0 (Windows NT 6.3; WOW64) AppleWebKit/537.36 (KHTML, like Gecko) Chrome/46.0.2490.86 Safari/537.36"
::1 - - [24/Nov/2015:15:11:08 +0000] "GET /api/restaurants/phone/0032865698741 HTTP/1.1" 200 4 "-" "Mozilla/5.0 (Windows NT 6.3; WOW64) AppleWebKit/537.36 (KHTML, like Gecko) Chrome/46.0.2490.86 Safari/537.36"
::1 - - [24/Nov/2015:15:11:08 +0000] "GET /api/restaurants/phone/0032865698741 HTTP/1.1" 200 4 "-" "Mozilla/5.0 (Windows NT 6.3; WOW64) AppleWebKit/537.36 (KHTML, like Gecko) Chrome/46.0.2490.86 Safari/537.36"
::1 - - [24/Nov/2015:15:11:46 +0000] "GET /api/restaurants/phone/0032865698741 HTTP/1.1" 200 274 "-" "Mozilla/5.0 (Windows NT 6.3; WOW64) AppleWebKit/537.36 (KHTML, like Gecko) Chrome/46.0.2490.86 Safari/537.36"
::1 - - [24/Nov/2015:15:11:48 +0000] "GET /api/restaurants/phone/0032865698741 HTTP/1.1" 200 274 "-" "Mozilla/5.0 (Windows NT 6.3; WOW64) AppleWebKit/537.36 (KHTML, like Gecko) Chrome/46.0.2490.86 Safari/537.36"
::1 - - [24/Nov/2015:15:12:01 +0000] "GET /api/restaurants/name/Chez%20Gilles HTTP/1.1" 200 273 "-" "Mozilla/5.0 (Windows NT 6.3; WOW64) AppleWebKit/537.36 (KHTML, like Gecko) Chrome/46.0.2490.86 Safari/537.36"
::1 - - [24/Nov/2015:15:12:22 +0000] "GET /api/restaurants/name/Chez%20Gilles HTTP/1.1" 200 4 "-" "Mozilla/5.0 (Windows NT 6.3; WOW64) AppleWebKit/537.36 (KHTML, like Gecko) Chrome/46.0.2490.86 Safari/537.36"
::1 - - [24/Nov/2015:15:12:40 +0000] "GET /api/restaurants/name/Chez%20Gilles HTTP/1.1" 200 4 "-" "Mozilla/5.0 (Windows NT 6.3; WOW64) AppleWebKit/537.36 (KHTML, like Gecko) Chrome/46.0.2490.86 Safari/537.36"
::1 - - [24/Nov/2015:15:12:41 +0000] "GET /api/restaurants/name/Chez%20Gilles HTTP/1.1" 200 4 "-" "Mozilla/5.0 (Windows NT 6.3; WOW64) AppleWebKit/537.36 (KHTML, like Gecko) Chrome/46.0.2490.86 Safari/537.36"
::1 - - [24/Nov/2015:15:13:09 +0000] "GET /api/restaurants/name/Chez%20Gilles HTTP/1.1" 200 4 "-" "Mozilla/5.0 (Windows NT 6.3; WOW64) AppleWebKit/537.36 (KHTML, like Gecko) Chrome/46.0.2490.86 Safari/537.36"
::1 - - [24/Nov/2015:15:13:10 +0000] "GET /api/restaurants/name/Chez%20Gilles HTTP/1.1" 200 4 "-" "Mozilla/5.0 (Windows NT 6.3; WOW64) AppleWebKit/537.36 (KHTML, like Gecko) Chrome/46.0.2490.86 Safari/537.36"
::1 - - [24/Nov/2015:15:13:10 +0000] "GET /api/restaurants/name/Chez%20Gilles HTTP/1.1" 200 4 "-" "Mozilla/5.0 (Windows NT 6.3; WOW64) AppleWebKit/537.36 (KHTML, like Gecko) Chrome/46.0.2490.86 Safari/537.36"
::1 - - [24/Nov/2015:15:13:10 +0000] "GET /api/restaurants/name/Chez%20Gilles HTTP/1.1" 200 4 "-" "Mozilla/5.0 (Windows NT 6.3; WOW64) AppleWebKit/537.36 (KHTML, like Gecko) Chrome/46.0.2490.86 Safari/537.36"
::1 - - [24/Nov/2015:15:14:19 +0000] "GET /api/restaurants/name/Chez%20Gilles HTTP/1.1" 200 273 "-" "Mozilla/5.0 (Windows NT 6.3; WOW64) AppleWebKit/537.36 (KHTML, like Gecko) Chrome/46.0.2490.86 Safari/537.36"
::1 - - [24/Nov/2015:15:14:26 +0000] "GET /api/restaurants/name/Gilles HTTP/1.1" 200 273 "-" "Mozilla/5.0 (Windows NT 6.3; WOW64) AppleWebKit/537.36 (KHTML, like Gecko) Chrome/46.0.2490.86 Safari/537.36"
::1 - - [24/Nov/2015:15:14:39 +0000] "GET /api/restaurants/phone/698741 HTTP/1.1" 200 273 "-" "Mozilla/5.0 (Windows NT 6.3; WOW64) AppleWebKit/537.36 (KHTML, like Gecko) Chrome/46.0.2490.86 Safari/537.36"
::1 - - [25/Nov/2015:08:22:26 +0000] "GET /api/restaurants HTTP/1.1" 200 459 "-" "Mozilla/5.0 (Windows NT 6.3; WOW64) AppleWebKit/537.36 (KHTML, like Gecko) Chrome/46.0.2490.86 Safari/537.36"
::1 - - [25/Nov/2015:08:36:29 +0000] "GET /api/restaurants HTTP/1.1" 200 459 "-" "Mozilla/5.0 (Windows NT 6.3; WOW64) AppleWebKit/537.36 (KHTML, like Gecko) Chrome/46.0.2490.86 Safari/537.36"
::1 - - [25/Nov/2015:08:37:49 +0000] "GET /api/restaurants HTTP/1.1" 200 459 "-" "Mozilla/5.0 (Windows NT 6.3; WOW64) AppleWebKit/537.36 (KHTML, like Gecko) Chrome/46.0.2490.86 Safari/537.36"
::1 - - [25/Nov/2015:08:58:18 +0000] "GET /api/restaurants HTTP/1.1" 200 459 "-" "Mozilla/5.0 (Windows NT 6.3; WOW64) AppleWebKit/537.36 (KHTML, like Gecko) Chrome/46.0.2490.86 Safari/537.36"
::1 - - [25/Nov/2015:08:59:10 +0000] "GET /api/restaurants HTTP/1.1" 200 459 "-" "Mozilla/5.0 (Windows NT 6.3; WOW64) AppleWebKit/537.36 (KHTML, like Gecko) Chrome/46.0.2490.86 Safari/537.36"
::1 - - [25/Nov/2015:09:03:28 +0000] "GET /api/restaurants/ HTTP/1.1" 200 459 "-" "Mozilla/5.0 (Windows NT 6.3; WOW64) AppleWebKit/537.36 (KHTML, like Gecko) Chrome/46.0.2490.86 Safari/537.36"
::1 - - [25/Nov/2015:09:04:07 +0000] "GET /api/restaurants HTTP/1.1" 200 459 "-" "Mozilla/5.0 (Windows NT 6.3; WOW64) AppleWebKit/537.36 (KHTML, like Gecko) Chrome/46.0.2490.86 Safari/537.36"
::1 - - [25/Nov/2015:09:13:34 +0000] "GET /api/restaurants HTTP/1.1" 200 459 "-" "Mozilla/5.0 (Windows NT 6.3; WOW64) AppleWebKit/537.36 (KHTML, like Gecko) Chrome/46.0.2490.86 Safari/537.36"
::1 - - [25/Nov/2015:09:32:02 +0000] "GET /api/restaurants HTTP/1.1" 200 459 "-" "Mozilla/5.0 (Windows NT 6.3; WOW64) AppleWebKit/537.36 (KHTML, like Gecko) Chrome/46.0.2490.86 Safari/537.36"
::1 - - [25/Nov/2015:09:33:48 +0000] "GET /api/restaurants HTTP/1.1" 200 459 "-" "Mozilla/5.0 (Windows NT 6.3; WOW64) AppleWebKit/537.36 (KHTML, like Gecko) Chrome/46.0.2490.86 Safari/537.36"
::1 - - [25/Nov/2015:09:34:02 +0000] "POST /api/restaurants HTTP/1.1" - - "-" "Mozilla/5.0 (Windows NT 6.3; WOW64) AppleWebKit/537.36 (KHTML, like Gecko) Chrome/46.0.2490.86 Safari/537.36"
::1 - - [25/Nov/2015:09:34:08 +0000] "GET /api/restaurants HTTP/1.1" 200 459 "-" "Mozilla/5.0 (Windows NT 6.3; WOW64) AppleWebKit/537.36 (KHTML, like Gecko) Chrome/46.0.2490.86 Safari/537.36"
::1 - - [25/Nov/2015:09:35:48 +0000] "POST /api/restaurants HTTP/1.1" - - "-" "Mozilla/5.0 (Windows NT 6.3; WOW64) AppleWebKit/537.36 (KHTML, like Gecko) Chrome/46.0.2490.86 Safari/537.36"
::1 - - [25/Nov/2015:09:36:08 +0000] "POST /api/restaurants HTTP/1.1" - - "-" "Mozilla/5.0 (Windows NT 6.3; WOW64) AppleWebKit/537.36 (KHTML, like Gecko) Chrome/46.0.2490.86 Safari/537.36"
::1 - - [25/Nov/2015:09:38:08 +0000] "POST /api/restaurants HTTP/1.1" - - "-" "Mozilla/5.0 (Windows NT 6.3; WOW64) AppleWebKit/537.36 (KHTML, like Gecko) Chrome/46.0.2490.86 Safari/537.36"
::1 - - [25/Nov/2015:09:53:36 +0000] "GET /api/restaurants HTTP/1.1" 200 459 "-" "Mozilla/5.0 (Windows NT 6.3; WOW64) AppleWebKit/537.36 (KHTML, like Gecko) Chrome/46.0.2490.86 Safari/537.36"
